
=== Wed Jan 15 10:25:30 2025

Packages were changed.
Update Mode: resetToDefaultDependencies

The following packages were added:
  com.unity.modules.ai@1.0.0
  com.unity.modules.androidjni@1.0.0
  com.unity.modules.animation@1.0.0
  com.unity.modules.assetbundle@1.0.0
  com.unity.modules.audio@1.0.0
  com.unity.modules.cloth@1.0.0
  com.unity.modules.director@1.0.0
  com.unity.modules.imageconversion@1.0.0
  com.unity.modules.imgui@1.0.0
  com.unity.modules.jsonserialize@1.0.0
  com.unity.modules.particlesystem@1.0.0
  com.unity.modules.physics@1.0.0
  com.unity.modules.physics2d@1.0.0
  com.unity.modules.screencapture@1.0.0
  com.unity.modules.terrain@1.0.0
  com.unity.modules.terrainphysics@1.0.0
  com.unity.modules.tilemap@1.0.0
  com.unity.modules.ui@1.0.0
  com.unity.modules.uielements@1.0.0
  com.unity.modules.umbra@1.0.0
  com.unity.modules.unityanalytics@1.0.0
  com.unity.modules.unitywebrequest@1.0.0
  com.unity.modules.unitywebrequestassetbundle@1.0.0
  com.unity.modules.unitywebrequestaudio@1.0.0
  com.unity.modules.unitywebrequesttexture@1.0.0
  com.unity.modules.unitywebrequestwww@1.0.0
  com.unity.modules.vehicles@1.0.0
  com.unity.modules.video@1.0.0
  com.unity.modules.vr@1.0.0
  com.unity.modules.wind@1.0.0
  com.unity.modules.xr@1.0.0
  com.unity.modules.accessibility@1.0.0
  com.unity.multiplayer.center@1.0.0

=== Fri Jan 17 16:16:07 2025

Packages were changed.
Update Mode: updateDependencies

The following packages were updated:
  com.unity.postprocessing from version 3.2.2 to 3.4.0

=== Fri Jan 17 16:16:07 2025

Packages were changed.
Update Mode: mergeDefaultDependencies

The following packages were added:
  com.unity.postprocessing@3.4.0

=== Fri Jan 17 22:24:23 2025

Packages were changed.
Update Mode: updateDependencies

The following packages were updated:
  com.unity.collab-proxy from version 2.4.4 to 2.6.0
  com.unity.ide.rider from version 3.0.28 to 3.0.31
  com.unity.inputsystem from version 1.8.2 to 1.11.2
  com.unity.visualscripting from version 1.9.4 to 1.9.5

=== Fri Jan 17 22:24:23 2025

Packages were changed.
Update Mode: mergeDefaultDependencies

The following packages were added:
  com.unity.editorcoroutines@1.0.0
  com.unity.ext.nunit@2.0.5
  com.unity.feature.development@1.0.2
  com.unity.ide.rider@3.0.31
  com.unity.performance.profile-analyzer@1.2.2
  com.unity.settings-manager@2.0.1
  com.unity.test-framework@1.4.5
  com.unity.testtools.codecoverage@1.2.6
  com.unity.timeline@1.8.7
  com.unity.visualscripting@1.9.5
  com.unity.modules.hierarchycore@1.0.0
  com.unity.modules.subsystems@1.0.0

=== Fri Jan 17 22:38:06 2025

Packages were changed.
Update Mode: updateDependencies

The following packages were updated:
  com.unity.ai.navigation from version 2.0.3 to 2.0.5
  com.unity.burst from version 1.8.13 to 1.8.18
  com.unity.collab-proxy from version 2.3.1 to 2.6.0
  com.unity.collections from version 2.4.0 to 2.5.1
  com.unity.mathematics from version 1.3.1 to 1.3.2
  com.unity.visualscripting from version 1.9.4 to 1.9.5

=== Fri Jan 17 22:38:06 2025

Packages were changed.
Update Mode: mergeDefaultDependencies

The following packages were added:
  com.unity.burst@1.8.18
  com.unity.collections@2.5.1
  com.unity.mathematics@1.3.2
  com.unity.nuget.mono-cecil@1.11.4
  com.unity.render-pipelines.core@17.0.3
  com.unity.render-pipelines.universal@17.0.3
  com.unity.render-pipelines.universal-config@17.0.3
  com.unity.rendering.light-transport@1.0.1
  com.unity.searcher@4.9.2
  com.unity.shadergraph@17.0.3
  com.unity.test-framework.performance@3.0.3

=== Mon Jan 20 18:24:52 2025

Packages were changed.
Update Mode: updateDependencies

The following packages were updated:
  com.unity.postprocessing from version 3.2.2 to 3.4.0

=== Mon Jan 20 19:01:55 2025

Packages were changed.
Update Mode: updateDependencies

The following packages were updated:
  com.unity.cinemachine from version 2.9.7 to 2.10.3

=== Mon Jan 20 19:01:55 2025

Packages were changed.
Update Mode: mergeDefaultDependencies

The following packages were added:
  com.unity.cinemachine@2.10.3
